[[1;34mINFO[m] Scanning for projects...
[[1;34mINFO[m] 
[[1;34mINFO[m] [1m----------------< [0;36mcom.subox.inventario:cliente-service[0;1m >----------------[m
[[1;34mINFO[m] [1mBuilding cliente-service 0.0.1-SNAPSHOT[m
[[1;34mINFO[m] [1m--------------------------------[ jar ]---------------------------------[m
[[1;34mINFO[m] 
[[1;34mINFO[m] [1m>>> [0;32mspring-boot-maven-plugin:3.4.5:run[m [1m(default-cli)[0;1m > [0;1mtest-compile[m @ [36mcliente-service[0;1m >>>[m
[[1;34mINFO[m] 
[[1;34mINFO[m] [1m--- [0;32mmaven-resources-plugin:3.3.1:resources[m [1m(default-resources)[m @ [36mcliente-service[0;1m ---[m
[[1;34mINFO[m] Copying 1 resource from src/main/resources to target/classes
[[1;34mINFO[m] Copying 0 resource from src/main/resources to target/classes
[[1;34mINFO[m] 
[[1;34mINFO[m] [1m--- [0;32mmaven-compiler-plugin:3.13.0:compile[m [1m(default-compile)[m @ [36mcliente-service[0;1m ---[m
[[1;34mINFO[m] Nothing to compile - all classes are up to date.
[[1;34mINFO[m] 
[[1;34mINFO[m] [1m--- [0;32mmaven-resources-plugin:3.3.1:testResources[m [1m(default-testResources)[m @ [36mcliente-service[0;1m ---[m
[[1;34mINFO[m] skip non existing resourceDirectory /home/giovanni/Documentos/monorepo-subox/packages/backend/cliente-service/src/test/resources
[[1;34mINFO[m] 
[[1;34mINFO[m] [1m--- [0;32mmaven-compiler-plugin:3.13.0:testCompile[m [1m(default-testCompile)[m @ [36mcliente-service[0;1m ---[m
[[1;34mINFO[m] Nothing to compile - all classes are up to date.
[[1;34mINFO[m] 
[[1;34mINFO[m] [1m<<< [0;32mspring-boot-maven-plugin:3.4.5:run[m [1m(default-cli)[0;1m < [0;1mtest-compile[m @ [36mcliente-service[0;1m <<<[m
[[1;34mINFO[m] 
[[1;34mINFO[m] 
[[1;34mINFO[m] [1m--- [0;32mspring-boot-maven-plugin:3.4.5:run[m [1m(default-cli)[m @ [36mcliente-service[0;1m ---[m
[[1;34mINFO[m] Attaching agents: []

  .   ____          _            __ _ _
 /\\ / ___'_ __ _ _(_)_ __  __ _ \ \ \ \
( ( )\___ | '_ | '_| | '_ \/ _` | \ \ \ \
 \\/  ___)| |_)| | | | | || (_| |  ) ) ) )
  '  |____| .__|_| |_|_| |_\__, | / / / /
 =========|_|==============|___/=/_/_/_/

 :: Spring Boot ::                (v3.4.5)

2025-06-08T17:48:18.852-04:00  INFO 20375 --- [cliente-service] [  restartedMain] c.s.i.c.ClienteServiceApplication        : Starting ClienteServiceApplication using Java 17.0.15 with PID 20375 (/home/giovanni/Documentos/monorepo-subox/packages/backend/cliente-service/target/classes started by giovanni in /home/giovanni/Documentos/monorepo-subox/packages/backend/cliente-service)
2025-06-08T17:48:18.896-04:00  INFO 20375 --- [cliente-service] [  restartedMain] c.s.i.c.ClienteServiceApplication        : No active profile set, falling back to 1 default profile: "default"
2025-06-08T17:48:19.245-04:00  INFO 20375 --- [cliente-service] [  restartedMain] .e.DevToolsPropertyDefaultsPostProcessor : Devtools property defaults active! Set 'spring.devtools.add-properties' to 'false' to disable
2025-06-08T17:48:19.246-04:00  INFO 20375 --- [cliente-service] [  restartedMain] .e.DevToolsPropertyDefaultsPostProcessor : For additional web related logging consider setting the 'logging.level.web' property to 'DEBUG'
2025-06-08T17:48:24.802-04:00  INFO 20375 --- [cliente-service] [  restartedMain] .s.d.r.c.RepositoryConfigurationDelegate : Bootstrapping Spring Data JPA repositories in DEFAULT mode.
2025-06-08T17:48:25.253-04:00  INFO 20375 --- [cliente-service] [  restartedMain] .s.d.r.c.RepositoryConfigurationDelegate : Finished Spring Data repository scanning in 369 ms. Found 1 JPA repository interface.
2025-06-08T17:48:27.534-04:00  INFO 20375 --- [cliente-service] [  restartedMain] o.s.b.w.embedded.tomcat.TomcatWebServer  : Tomcat initialized with port 5000 (http)
2025-06-08T17:48:27.606-04:00  INFO 20375 --- [cliente-service] [  restartedMain] o.apache.catalina.core.StandardService   : Starting service [Tomcat]
2025-06-08T17:48:27.607-04:00  INFO 20375 --- [cliente-service] [  restartedMain] o.apache.catalina.core.StandardEngine    : Starting Servlet engine: [Apache Tomcat/10.1.40]
2025-06-08T17:48:27.865-04:00  INFO 20375 --- [cliente-service] [  restartedMain] o.a.c.c.C.[Tomcat].[localhost].[/]       : Initializing Spring embedded WebApplicationContext
2025-06-08T17:48:27.868-04:00  INFO 20375 --- [cliente-service] [  restartedMain] w.s.c.ServletWebServerApplicationContext : Root WebApplicationContext: initialization completed in 8617 ms
2025-06-08T17:48:28.439-04:00  INFO 20375 --- [cliente-service] [  restartedMain] o.hibernate.jpa.internal.util.LogHelper  : HHH000204: Processing PersistenceUnitInfo [name: default]
2025-06-08T17:48:28.614-04:00  INFO 20375 --- [cliente-service] [  restartedMain] org.hibernate.Version                    : HHH000412: Hibernate ORM core version 6.6.13.Final
2025-06-08T17:48:28.706-04:00  INFO 20375 --- [cliente-service] [  restartedMain] o.h.c.internal.RegionFactoryInitiator    : HHH000026: Second-level cache disabled
2025-06-08T17:48:29.900-04:00  INFO 20375 --- [cliente-service] [  restartedMain] o.s.o.j.p.SpringPersistenceUnitInfo      : No LoadTimeWeaver setup: ignoring JPA class transformer
2025-06-08T17:48:30.079-04:00  INFO 20375 --- [cliente-service] [  restartedMain] com.zaxxer.hikari.HikariDataSource       : HikariPool-1 - Starting...
2025-06-08T17:48:31.198-04:00  INFO 20375 --- [cliente-service] [  restartedMain] com.zaxxer.hikari.pool.HikariPool        : HikariPool-1 - Added connection com.mysql.cj.jdbc.ConnectionImpl@40474e94
2025-06-08T17:48:31.212-04:00  INFO 20375 --- [cliente-service] [  restartedMain] com.zaxxer.hikari.HikariDataSource       : HikariPool-1 - Start completed.
2025-06-08T17:48:31.784-04:00  INFO 20375 --- [cliente-service] [  restartedMain] org.hibernate.orm.connections.pooling    : HHH10001005: Database info:
	Database JDBC URL [Connecting through datasource 'HikariDataSource (HikariPool-1)']
	Database driver: undefined/unknown
	Database version: 8.0.42
	Autocommit mode: undefined/unknown
	Isolation level: undefined/unknown
	Minimum pool size: undefined/unknown
	Maximum pool size: undefined/unknown
2025-06-08T17:48:34.904-04:00  INFO 20375 --- [cliente-service] [  restartedMain] o.h.e.t.j.p.i.JtaPlatformInitiator       : HHH000489: No JTA platform available (set 'hibernate.transaction.jta.platform' to enable JTA platform integration)
2025-06-08T17:48:35.149-04:00  INFO 20375 --- [cliente-service] [  restartedMain] j.LocalContainerEntityManagerFactoryBean : Initialized JPA EntityManagerFactory for persistence unit 'default'
2025-06-08T17:48:36.219-04:00  WARN 20375 --- [cliente-service] [  restartedMain] JpaBaseConfiguration$JpaWebConfiguration : spring.jpa.open-in-view is enabled by default. Therefore, database queries may be performed during view rendering. Explicitly configure spring.jpa.open-in-view to disable this warning
2025-06-08T17:48:36.382-04:00  INFO 20375 --- [cliente-service] [  restartedMain] o.s.v.b.OptionalValidatorFactoryBean     : Failed to set up a Bean Validation provider: jakarta.validation.NoProviderFoundException: Unable to create a Configuration, because no Jakarta Bean Validation provider could be found. Add a provider like Hibernate Validator (RI) to your classpath.
2025-06-08T17:48:37.405-04:00  INFO 20375 --- [cliente-service] [  restartedMain] o.s.b.d.a.OptionalLiveReloadServer       : LiveReload server is running on port 35729
2025-06-08T17:48:37.553-04:00  INFO 20375 --- [cliente-service] [  restartedMain] o.s.b.w.embedded.tomcat.TomcatWebServer  : Tomcat started on port 5000 (http) with context path '/'
2025-06-08T17:48:37.607-04:00  INFO 20375 --- [cliente-service] [  restartedMain] c.s.i.c.ClienteServiceApplication        : Started ClienteServiceApplication in 21.406 seconds (process running for 24.161)
2025-06-08T17:49:42.939-04:00  INFO 20375 --- [cliente-service] [nio-5000-exec-1] o.a.c.c.C.[Tomcat].[localhost].[/]       : Initializing Spring DispatcherServlet 'dispatcherServlet'
2025-06-08T17:49:42.940-04:00  INFO 20375 --- [cliente-service] [nio-5000-exec-1] o.s.web.servlet.DispatcherServlet        : Initializing Servlet 'dispatcherServlet'
2025-06-08T17:49:42.944-04:00  INFO 20375 --- [cliente-service] [nio-5000-exec-1] o.s.web.servlet.DispatcherServlet        : Completed initialization in 3 ms
Hibernate: select ce1_0.id,ce1_0.direccion,ce1_0.email,ce1_0.nombre,ce1_0.rut,ce1_0.telefono from clientes ce1_0
Hibernate: select ce1_0.id,ce1_0.direccion,ce1_0.email,ce1_0.nombre,ce1_0.rut,ce1_0.telefono from clientes ce1_0
Hibernate: select ce1_0.id,ce1_0.direccion,ce1_0.email,ce1_0.nombre,ce1_0.rut,ce1_0.telefono from clientes ce1_0
Hibernate: select ce1_0.id,ce1_0.direccion,ce1_0.email,ce1_0.nombre,ce1_0.rut,ce1_0.telefono from clientes ce1_0
Hibernate: select ce1_0.id,ce1_0.direccion,ce1_0.email,ce1_0.nombre,ce1_0.rut,ce1_0.telefono from clientes ce1_0
Hibernate: select ce1_0.id,ce1_0.direccion,ce1_0.email,ce1_0.nombre,ce1_0.rut,ce1_0.telefono from clientes ce1_0
Hibernate: insert into clientes (direccion,email,nombre,rut,telefono) values (?,?,?,?,?)
Hibernate: select ce1_0.id,ce1_0.direccion,ce1_0.email,ce1_0.nombre,ce1_0.rut,ce1_0.telefono from clientes ce1_0 where ce1_0.id=?
Hibernate: delete from clientes where id=?
Hibernate: select ce1_0.id,ce1_0.direccion,ce1_0.email,ce1_0.nombre,ce1_0.rut,ce1_0.telefono from clientes ce1_0
Hibernate: select ce1_0.id,ce1_0.direccion,ce1_0.email,ce1_0.nombre,ce1_0.rut,ce1_0.telefono from clientes ce1_0
2025-06-08T17:56:58.480-04:00  INFO 20375 --- [cliente-service] [   File Watcher] rtingClassPathChangeChangedEventListener : Restarting due to 22 class path changes (0 additions, 1 deletion, 21 modifications)
2025-06-08T17:56:58.522-04:00  INFO 20375 --- [cliente-service] [       Thread-5] o.s.b.w.e.tomcat.GracefulShutdown        : Commencing graceful shutdown. Waiting for active requests to complete
2025-06-08T17:56:58.531-04:00  INFO 20375 --- [cliente-service] [tomcat-shutdown] o.s.b.w.e.tomcat.GracefulShutdown        : Graceful shutdown complete
2025-06-08T17:56:58.544-04:00  INFO 20375 --- [cliente-service] [       Thread-5] j.LocalContainerEntityManagerFactoryBean : Closing JPA EntityManagerFactory for persistence unit 'default'
2025-06-08T17:56:58.553-04:00  INFO 20375 --- [cliente-service] [       Thread-5] com.zaxxer.hikari.HikariDataSource       : HikariPool-1 - Shutdown initiated...
2025-06-08T17:56:58.588-04:00  INFO 20375 --- [cliente-service] [       Thread-5] com.zaxxer.hikari.HikariDataSource       : HikariPool-1 - Shutdown completed.

  .   ____          _            __ _ _
 /\\ / ___'_ __ _ _(_)_ __  __ _ \ \ \ \
( ( )\___ | '_ | '_| | '_ \/ _` | \ \ \ \
 \\/  ___)| |_)| | | | | || (_| |  ) ) ) )
  '  |____| .__|_| |_|_| |_\__, | / / / /
 =========|_|==============|___/=/_/_/_/

 :: Spring Boot ::                (v3.4.5)

2025-06-08T17:56:59.035-04:00  INFO 20375 --- [cliente-service] [  restartedMain] c.s.i.c.ClienteServiceApplication        : Starting ClienteServiceApplication using Java 17.0.15 with PID 20375 (/home/giovanni/Documentos/monorepo-subox/packages/backend/cliente-service/target/classes started by giovanni in /home/giovanni/Documentos/monorepo-subox/packages/backend/cliente-service)
2025-06-08T17:56:59.036-04:00  INFO 20375 --- [cliente-service] [  restartedMain] c.s.i.c.ClienteServiceApplication        : No active profile set, falling back to 1 default profile: "default"
2025-06-08T17:57:00.259-04:00  INFO 20375 --- [cliente-service] [  restartedMain] .s.d.r.c.RepositoryConfigurationDelegate : Bootstrapping Spring Data JPA repositories in DEFAULT mode.
2025-06-08T17:57:00.303-04:00  INFO 20375 --- [cliente-service] [  restartedMain] .s.d.r.c.RepositoryConfigurationDelegate : Finished Spring Data repository scanning in 39 ms. Found 1 JPA repository interface.
2025-06-08T17:57:00.914-04:00  INFO 20375 --- [cliente-service] [  restartedMain] o.s.b.w.embedded.tomcat.TomcatWebServer  : Tomcat initialized with port 8080 (http)
2025-06-08T17:57:00.922-04:00  INFO 20375 --- [cliente-service] [  restartedMain] o.apache.catalina.core.StandardService   : Starting service [Tomcat]
2025-06-08T17:57:00.924-04:00  INFO 20375 --- [cliente-service] [  restartedMain] o.apache.catalina.core.StandardEngine    : Starting Servlet engine: [Apache Tomcat/10.1.40]
2025-06-08T17:57:00.977-04:00  INFO 20375 --- [cliente-service] [  restartedMain] o.a.c.c.C.[Tomcat].[localhost].[/]       : Initializing Spring embedded WebApplicationContext
2025-06-08T17:57:00.977-04:00  INFO 20375 --- [cliente-service] [  restartedMain] w.s.c.ServletWebServerApplicationContext : Root WebApplicationContext: initialization completed in 1935 ms
2025-06-08T17:57:01.093-04:00  WARN 20375 --- [cliente-service] [  restartedMain] ConfigServletWebServerApplicationContext : Exception encountered during context initialization - cancelling refresh attempt: org.springframework.beans.factory.BeanCreationException: Error creating bean with name 'entityManagerFactory' defined in class path resource [org/springframework/boot/autoconfigure/orm/jpa/HibernateJpaConfiguration.class]: Failed to initialize dependency 'dataSourceScriptDatabaseInitializer' of LoadTimeWeaverAware bean 'entityManagerFactory': Error creating bean with name 'dataSourceScriptDatabaseInitializer' defined in class path resource [org/springframework/boot/autoconfigure/sql/init/DataSourceInitializationConfiguration.class]: Unsatisfied dependency expressed through method 'dataSourceScriptDatabaseInitializer' parameter 0: Error creating bean with name 'dataSource' defined in class path resource [org/springframework/boot/autoconfigure/jdbc/DataSourceConfiguration$Hikari.class]: Failed to instantiate [com.zaxxer.hikari.HikariDataSource]: Factory method 'dataSource' threw exception with message: Failed to determine a suitable driver class
2025-06-08T17:57:01.096-04:00  INFO 20375 --- [cliente-service] [  restartedMain] o.apache.catalina.core.StandardService   : Stopping service [Tomcat]
2025-06-08T17:57:01.128-04:00  INFO 20375 --- [cliente-service] [  restartedMain] .s.b.a.l.ConditionEvaluationReportLogger : 

Error starting ApplicationContext. To display the condition evaluation report re-run your application with 'debug' enabled.
2025-06-08T17:57:01.301-04:00 ERROR 20375 --- [cliente-service] [  restartedMain] o.s.b.d.LoggingFailureAnalysisReporter   : 

***************************
APPLICATION FAILED TO START
***************************

Description:

Failed to configure a DataSource: 'url' attribute is not specified and no embedded datasource could be configured.

Reason: Failed to determine a suitable driver class


Action:

Consider the following:
	If you want an embedded database (H2, HSQL or Derby), please put it on the classpath.
	If you have database settings to be loaded from a particular profile you may need to activate it (no profiles are currently active).


  .   ____          _            __ _ _
 /\\ / ___'_ __ _ _(_)_ __  __ _ \ \ \ \
( ( )\___ | '_ | '_| | '_ \/ _` | \ \ \ \
 \\/  ___)| |_)| | | | | || (_| |  ) ) ) )
  '  |____| .__|_| |_|_| |_\__, | / / / /
 =========|_|==============|___/=/_/_/_/

 :: Spring Boot ::                (v3.4.5)

2025-06-08T17:57:02.801-04:00  INFO 20375 --- [cliente-service] [  restartedMain] c.s.i.c.ClienteServiceApplication        : Starting ClienteServiceApplication using Java 17.0.15 with PID 20375 (/home/giovanni/Documentos/monorepo-subox/packages/backend/cliente-service/target/classes started by giovanni in /home/giovanni/Documentos/monorepo-subox/packages/backend/cliente-service)
2025-06-08T17:57:02.802-04:00  INFO 20375 --- [cliente-service] [  restartedMain] c.s.i.c.ClienteServiceApplication        : No active profile set, falling back to 1 default profile: "default"
2025-06-08T17:57:03.353-04:00  INFO 20375 --- [cliente-service] [  restartedMain] .s.d.r.c.RepositoryConfigurationDelegate : Bootstrapping Spring Data JPA repositories in DEFAULT mode.
2025-06-08T17:57:03.384-04:00  INFO 20375 --- [cliente-service] [  restartedMain] .s.d.r.c.RepositoryConfigurationDelegate : Finished Spring Data repository scanning in 25 ms. Found 1 JPA repository interface.
2025-06-08T17:57:03.795-04:00  INFO 20375 --- [cliente-service] [  restartedMain] o.s.b.w.embedded.tomcat.TomcatWebServer  : Tomcat initialized with port 5000 (http)
2025-06-08T17:57:03.801-04:00  INFO 20375 --- [cliente-service] [  restartedMain] o.apache.catalina.core.StandardService   : Starting service [Tomcat]
2025-06-08T17:57:03.801-04:00  INFO 20375 --- [cliente-service] [  restartedMain] o.apache.catalina.core.StandardEngine    : Starting Servlet engine: [Apache Tomcat/10.1.40]
2025-06-08T17:57:03.849-04:00  INFO 20375 --- [cliente-service] [  restartedMain] o.a.c.c.C.[Tomcat-1].[localhost].[/]     : Initializing Spring embedded WebApplicationContext
2025-06-08T17:57:03.849-04:00  INFO 20375 --- [cliente-service] [  restartedMain] w.s.c.ServletWebServerApplicationContext : Root WebApplicationContext: initialization completed in 1044 ms
2025-06-08T17:57:04.082-04:00  INFO 20375 --- [cliente-service] [  restartedMain] o.hibernate.jpa.internal.util.LogHelper  : HHH000204: Processing PersistenceUnitInfo [name: default]
2025-06-08T17:57:04.098-04:00  INFO 20375 --- [cliente-service] [  restartedMain] o.h.c.internal.RegionFactoryInitiator    : HHH000026: Second-level cache disabled
2025-06-08T17:57:04.186-04:00  INFO 20375 --- [cliente-service] [  restartedMain] o.s.o.j.p.SpringPersistenceUnitInfo      : No LoadTimeWeaver setup: ignoring JPA class transformer
2025-06-08T17:57:04.208-04:00  INFO 20375 --- [cliente-service] [  restartedMain] com.zaxxer.hikari.HikariDataSource       : HikariPool-2 - Starting...
2025-06-08T17:57:04.260-04:00  INFO 20375 --- [cliente-service] [  restartedMain] com.zaxxer.hikari.pool.HikariPool        : HikariPool-2 - Added connection com.mysql.cj.jdbc.ConnectionImpl@1d895296
2025-06-08T17:57:04.261-04:00  INFO 20375 --- [cliente-service] [  restartedMain] com.zaxxer.hikari.HikariDataSource       : HikariPool-2 - Start completed.
2025-06-08T17:57:04.269-04:00  INFO 20375 --- [cliente-service] [  restartedMain] org.hibernate.orm.connections.pooling    : HHH10001005: Database info:
	Database JDBC URL [Connecting through datasource 'HikariDataSource (HikariPool-2)']
	Database driver: undefined/unknown
	Database version: 8.0.42
	Autocommit mode: undefined/unknown
	Isolation level: undefined/unknown
	Minimum pool size: undefined/unknown
	Maximum pool size: undefined/unknown
2025-06-08T17:57:04.612-04:00  INFO 20375 --- [cliente-service] [  restartedMain] o.h.e.t.j.p.i.JtaPlatformInitiator       : HHH000489: No JTA platform available (set 'hibernate.transaction.jta.platform' to enable JTA platform integration)
2025-06-08T17:57:04.661-04:00  INFO 20375 --- [cliente-service] [  restartedMain] j.LocalContainerEntityManagerFactoryBean : Initialized JPA EntityManagerFactory for persistence unit 'default'
2025-06-08T17:57:05.273-04:00  WARN 20375 --- [cliente-service] [  restartedMain] JpaBaseConfiguration$JpaWebConfiguration : spring.jpa.open-in-view is enabled by default. Therefore, database queries may be performed during view rendering. Explicitly configure spring.jpa.open-in-view to disable this warning
2025-06-08T17:57:05.354-04:00  INFO 20375 --- [cliente-service] [  restartedMain] o.s.v.b.OptionalValidatorFactoryBean     : Failed to set up a Bean Validation provider: jakarta.validation.NoProviderFoundException: Unable to create a Configuration, because no Jakarta Bean Validation provider could be found. Add a provider like Hibernate Validator (RI) to your classpath.
2025-06-08T17:57:05.826-04:00  INFO 20375 --- [cliente-service] [  restartedMain] o.s.b.d.a.OptionalLiveReloadServer       : LiveReload server is running on port 35729
2025-06-08T17:57:05.931-04:00  INFO 20375 --- [cliente-service] [  restartedMain] o.s.b.w.embedded.tomcat.TomcatWebServer  : Tomcat started on port 5000 (http) with context path '/'
2025-06-08T17:57:05.965-04:00  INFO 20375 --- [cliente-service] [  restartedMain] c.s.i.c.ClienteServiceApplication        : Started ClienteServiceApplication in 3.217 seconds (process running for 532.52)
2025-06-08T17:57:05.982-04:00  INFO 20375 --- [cliente-service] [  restartedMain] .ConditionEvaluationDeltaLoggingListener : Condition evaluation unchanged
2025-06-08T18:04:25.274-04:00  INFO 20375 --- [cliente-service] [nio-5000-exec-1] o.a.c.c.C.[Tomcat-1].[localhost].[/]     : Initializing Spring DispatcherServlet 'dispatcherServlet'
2025-06-08T18:04:25.275-04:00  INFO 20375 --- [cliente-service] [nio-5000-exec-1] o.s.web.servlet.DispatcherServlet        : Initializing Servlet 'dispatcherServlet'
2025-06-08T18:04:25.276-04:00  INFO 20375 --- [cliente-service] [nio-5000-exec-1] o.s.web.servlet.DispatcherServlet        : Completed initialization in 1 ms
Hibernate: select ce1_0.id,ce1_0.direccion,ce1_0.email,ce1_0.nombre,ce1_0.rut,ce1_0.telefono from clientes ce1_0
Hibernate: select ce1_0.id,ce1_0.direccion,ce1_0.email,ce1_0.nombre,ce1_0.rut,ce1_0.telefono from clientes ce1_0
Hibernate: select ce1_0.id,ce1_0.direccion,ce1_0.email,ce1_0.nombre,ce1_0.rut,ce1_0.telefono from clientes ce1_0
Hibernate: select ce1_0.id,ce1_0.direccion,ce1_0.email,ce1_0.nombre,ce1_0.rut,ce1_0.telefono from clientes ce1_0
Hibernate: select ce1_0.id,ce1_0.direccion,ce1_0.email,ce1_0.nombre,ce1_0.rut,ce1_0.telefono from clientes ce1_0
Hibernate: select ce1_0.id,ce1_0.direccion,ce1_0.email,ce1_0.nombre,ce1_0.rut,ce1_0.telefono from clientes ce1_0
2025-06-09T00:11:50.487-04:00  INFO 20375 --- [cliente-service] [ionShutdownHook] o.s.b.w.e.tomcat.GracefulShutdown        : Commencing graceful shutdown. Waiting for active requests to complete
2025-06-09T00:11:50.575-04:00  INFO 20375 --- [cliente-service] [tomcat-shutdown] o.s.b.w.e.tomcat.GracefulShutdown        : Graceful shutdown complete
2025-06-09T00:11:50.617-04:00  INFO 20375 --- [cliente-service] [ionShutdownHook] j.LocalContainerEntityManagerFactoryBean : Closing JPA EntityManagerFactory for persistence unit 'default'
2025-06-09T00:11:50.669-04:00  INFO 20375 --- [cliente-service] [ionShutdownHook] com.zaxxer.hikari.HikariDataSource       : HikariPool-2 - Shutdown initiated...
2025-06-09T00:11:50.696-04:00  INFO 20375 --- [cliente-service] [ionShutdownHook] com.zaxxer.hikari.HikariDataSource       : HikariPool-2 - Shutdown completed.
